2025-10-23 19:23:00 | WARN | repo=auction | action=commit
2025-06-23 20:40:00 | INFO | repo=auction | action=edit | files=1
2025-01-17 21:08:00 | DEBUG | repo=auction | action=edit | files=1
2025-03-07 18:27:00 | INFO | repo=auction | action=commit
2025-09-02 17:29:00 | DEBUG | repo=auction | action=commit
2025-11-16 20:14:00 | DEBUG | repo=auction | action=commit
2025-08-13 12:00:00 | INFO | repo=auction | action=commit
2025-07-21 18:52:00 | INFO | repo=auction | action=commit
2025-11-03 12:57:00 | WARN | repo=auction | action=commit
2025-01-28 12:19:00 | WARN | repo=auction | action=commit
2025-07-23 20:29:00 | WARN | repo=auction | action=test | passed=true
2025-08-01 08:08:00 | DEBUG | repo=auction | action=commit
2025-05-16 07:44:00 | DEBUG | repo=auction | action=commit
2025-01-12 14:04:00 | WARN | repo=auction | action=commit
2025-11-11 14:13:00 | INFO | repo=auction | action=pull
2025-11-14 13:01:00 | DEBUG | repo=auction | action=commit
2025-11-11 08:40:00 | DEBUG | repo=auction | action=commit
2025-10-18 20:58:00 | INFO | repo=auction | action=test | passed=true
2025-04-15 07:57:00 | INFO | repo=auction | action=commit
2025-10-05 07:55:00 | DEBUG | repo=auction | action=commit
2025-12-14 08:02:00 | WARN | repo=auction | action=commit
2025-07-09 07:12:00 | WARN | repo=auction | action=edit | files=1
2025-05-12 12:28:00 | INFO | repo=auction | action=commit
2025-04-24 07:28:00 | INFO | repo=auction | action=commit
2025-08-14 20:42:00 | WARN | repo=auction | action=commit
2025-01-02 08:23:00 | DEBUG | repo=auction | action=commit
2025-05-26 18:29:00 | INFO | repo=auction | action=commit
2025-11-02 14:42:00 | WARN | repo=auction | action=commit
2025-07-22 13:06:00 | WARN | repo=auction | action=pull
2025-10-07 08:05:00 | DEBUG | repo=auction | action=edit | files=1
2025-05-16 13:50:00 | DEBUG | repo=auction | action=commit
2025-04-17 07:01:00 | WARN | repo=auction | action=test | passed=true
2025-03-16 19:29:00 | WARN | repo=auction | action=commit
2025-07-20 08:08:00 | DEBUG | repo=auction | action=commit
2025-09-06 18:39:00 | INFO | repo=auction | action=commit
2025-09-13 11:56:00 | WARN | repo=auction | action=edit | files=3
2025-12-25 08:53:00 | INFO | repo=auction | action=commit
2025-12-24 11:24:00 | WARN | repo=auction | action=commit
2025-10-18 09:13:00 | DEBUG | repo=auction | action=commit
2025-06-20 20:18:00 | WARN | repo=auction | action=commit
2025-08-14 08:41:00 | INFO | repo=auction | action=commit
2025-10-13 20:55:00 | WARN | repo=auction | action=pull
2025-03-24 12:27:00 | WARN | repo=auction | action=commit
2025-05-07 18:19:00 | INFO | repo=auction | action=commit
2025-02-13 21:04:00 | INFO | repo=auction | action=commit
2025-03-25 08:58:00 | DEBUG | repo=auction | action=commit
2025-09-09 14:27:00 | WARN | repo=auction | action=commit
2025-04-24 16:18:00 | WARN | repo=auction | action=commit
2025-09-16 18:56:00 | INFO | repo=auction | action=commit
2025-03-09 15:30:00 | DEBUG | repo=auction | action=commit
2025-11-18 21:59:00 | INFO | repo=auction | action=pull
2025-12-24 14:02:00 | WARN | repo=auction | action=commit
2025-02-06 10:19:00 | DEBUG | repo=auction | action=commit
2025-11-03 07:05:00 | WARN | repo=auction | action=commit
